<?xml version="1.0" encoding="UTF-8"?>
<testsuite xmlns:xsi="http://www.w3.org/2001/XMLSchema-instance" xsi:noNamespaceSchemaLocation="https://maven.apache.org/surefire/maven-surefire-plugin/xsd/surefire-test-report-3.0.xsd" version="3.0" name="apiTests.ApiTestSuite" time="8.669" tests="5" errors="0" skipped="0" failures="0">
  <properties>
    <property name="gopherProxySet" value="false"/>
    <property name="awt.toolkit" value="sun.lwawt.macosx.LWCToolkit"/>
    <property name="java.specification.version" value="11"/>
    <property name="sun.cpu.isalist" value=""/>
    <property name="sun.jnu.encoding" value="UTF-8"/>
    <property name="java.class.path" value="/Users/achmadthoriqbaidowi/Documents/flip-test/target/test-classes:/Users/achmadthoriqbaidowi/Documents/flip-test/target/classes:/Users/achmadthoriqbaidowi/.m2/repository/org/projectlombok/lombok/1.18.20/lombok-1.18.20.jar:/Users/achmadthoriqbaidowi/.m2/repository/org/testng/testng/7.5/testng-7.5.jar:/Users/achmadthoriqbaidowi/.m2/repository/com/google/code/findbugs/jsr305/3.0.1/jsr305-3.0.1.jar:/Users/achmadthoriqbaidowi/.m2/repository/com/beust/jcommander/1.78/jcommander-1.78.jar:/Users/achmadthoriqbaidowi/.m2/repository/org/webjars/jquery/3.5.1/jquery-3.5.1.jar:/Users/achmadthoriqbaidowi/.m2/repository/io/rest-assured/rest-assured/4.3.3/rest-assured-4.3.3.jar:/Users/achmadthoriqbaidowi/.m2/repository/org/codehaus/groovy/groovy/3.0.7/groovy-3.0.7.jar:/Users/achmadthoriqbaidowi/.m2/repository/org/codehaus/groovy/groovy-xml/3.0.7/groovy-xml-3.0.7.jar:/Users/achmadthoriqbaidowi/.m2/repository/org/apache/httpcomponents/httpclient/4.5.3/httpclient-4.5.3.jar:/Users/achmadthoriqbaidowi/.m2/repository/org/apache/httpcomponents/httpcore/4.4.6/httpcore-4.4.6.jar:/Users/achmadthoriqbaidowi/.m2/repository/commons-logging/commons-logging/1.2/commons-logging-1.2.jar:/Users/achmadthoriqbaidowi/.m2/repository/org/apache/httpcomponents/httpmime/4.5.3/httpmime-4.5.3.jar:/Users/achmadthoriqbaidowi/.m2/repository/org/hamcrest/hamcrest/2.1/hamcrest-2.1.jar:/Users/achmadthoriqbaidowi/.m2/repository/org/ccil/cowan/tagsoup/tagsoup/1.2.1/tagsoup-1.2.1.jar:/Users/achmadthoriqbaidowi/.m2/repository/io/rest-assured/json-path/4.3.3/json-path-4.3.3.jar:/Users/achmadthoriqbaidowi/.m2/repository/org/codehaus/groovy/groovy-json/3.0.7/groovy-json-3.0.7.jar:/Users/achmadthoriqbaidowi/.m2/repository/io/rest-assured/rest-assured-common/4.3.3/rest-assured-common-4.3.3.jar:/Users/achmadthoriqbaidowi/.m2/repository/io/rest-assured/xml-path/4.3.3/xml-path-4.3.3.jar:/Users/achmadthoriqbaidowi/.m2/repository/jakarta/xml/bind/jakarta.xml.bind-api/2.3.3/jakarta.xml.bind-api-2.3.3.jar:/Users/achmadthoriqbaidowi/.m2/repository/jakarta/activation/jakarta.activation-api/1.2.2/jakarta.activation-api-1.2.2.jar:/Users/achmadthoriqbaidowi/.m2/repository/com/sun/xml/bind/jaxb-impl/2.3.3/jaxb-impl-2.3.3.jar:/Users/achmadthoriqbaidowi/.m2/repository/io/appium/java-client/7.6.0/java-client-7.6.0.jar:/Users/achmadthoriqbaidowi/.m2/repository/org/seleniumhq/selenium/selenium-support/3.141.59/selenium-support-3.141.59.jar:/Users/achmadthoriqbaidowi/.m2/repository/org/seleniumhq/selenium/selenium-api/3.141.59/selenium-api-3.141.59.jar:/Users/achmadthoriqbaidowi/.m2/repository/com/google/code/gson/gson/2.8.8/gson-2.8.8.jar:/Users/achmadthoriqbaidowi/.m2/repository/cglib/cglib/3.3.0/cglib-3.3.0.jar:/Users/achmadthoriqbaidowi/.m2/repository/org/ow2/asm/asm/7.1/asm-7.1.jar:/Users/achmadthoriqbaidowi/.m2/repository/commons-validator/commons-validator/1.7/commons-validator-1.7.jar:/Users/achmadthoriqbaidowi/.m2/repository/commons-digester/commons-digester/2.1/commons-digester-2.1.jar:/Users/achmadthoriqbaidowi/.m2/repository/commons-collections/commons-collections/3.2.2/commons-collections-3.2.2.jar:/Users/achmadthoriqbaidowi/.m2/repository/org/apache/commons/commons-lang3/3.12.0/commons-lang3-3.12.0.jar:/Users/achmadthoriqbaidowi/.m2/repository/commons-io/commons-io/2.11.0/commons-io-2.11.0.jar:/Users/achmadthoriqbaidowi/.m2/repository/org/springframework/spring-context/5.3.10/spring-context-5.3.10.jar:/Users/achmadthoriqbaidowi/.m2/repository/org/springframework/spring-aop/5.3.10/spring-aop-5.3.10.jar:/Users/achmadthoriqbaidowi/.m2/repository/org/springframework/spring-beans/5.3.10/spring-beans-5.3.10.jar:/Users/achmadthoriqbaidowi/.m2/repository/org/springframework/spring-core/5.3.10/spring-core-5.3.10.jar:/Users/achmadthoriqbaidowi/.m2/repository/org/springframework/spring-jcl/5.3.10/spring-jcl-5.3.10.jar:/Users/achmadthoriqbaidowi/.m2/repository/org/springframework/spring-expression/5.3.10/spring-expression-5.3.10.jar:/Users/achmadthoriqbaidowi/.m2/repository/org/aspectj/aspectjweaver/1.9.7/aspectjweaver-1.9.7.jar:/Users/achmadthoriqbaidowi/.m2/repository/org/seleniumhq/selenium/selenium-java/3.141.59/selenium-java-3.141.59.jar:/Users/achmadthoriqbaidowi/.m2/repository/org/seleniumhq/selenium/selenium-chrome-driver/3.141.59/selenium-chrome-driver-3.141.59.jar:/Users/achmadthoriqbaidowi/.m2/repository/org/seleniumhq/selenium/selenium-edge-driver/3.141.59/selenium-edge-driver-3.141.59.jar:/Users/achmadthoriqbaidowi/.m2/repository/org/seleniumhq/selenium/selenium-firefox-driver/3.141.59/selenium-firefox-driver-3.141.59.jar:/Users/achmadthoriqbaidowi/.m2/repository/org/seleniumhq/selenium/selenium-ie-driver/3.141.59/selenium-ie-driver-3.141.59.jar:/Users/achmadthoriqbaidowi/.m2/repository/org/seleniumhq/selenium/selenium-opera-driver/3.141.59/selenium-opera-driver-3.141.59.jar:/Users/achmadthoriqbaidowi/.m2/repository/org/seleniumhq/selenium/selenium-remote-driver/3.141.59/selenium-remote-driver-3.141.59.jar:/Users/achmadthoriqbaidowi/.m2/repository/org/seleniumhq/selenium/selenium-safari-driver/3.141.59/selenium-safari-driver-3.141.59.jar:/Users/achmadthoriqbaidowi/.m2/repository/net/bytebuddy/byte-buddy/1.8.15/byte-buddy-1.8.15.jar:/Users/achmadthoriqbaidowi/.m2/repository/org/apache/commons/commons-exec/1.3/commons-exec-1.3.jar:/Users/achmadthoriqbaidowi/.m2/repository/com/google/guava/guava/25.0-jre/guava-25.0-jre.jar:/Users/achmadthoriqbaidowi/.m2/repository/org/checkerframework/checker-compat-qual/2.0.0/checker-compat-qual-2.0.0.jar:/Users/achmadthoriqbaidowi/.m2/repository/com/google/errorprone/error_prone_annotations/2.1.3/error_prone_annotations-2.1.3.jar:/Users/achmadthoriqbaidowi/.m2/repository/com/google/j2objc/j2objc-annotations/1.1/j2objc-annotations-1.1.jar:/Users/achmadthoriqbaidowi/.m2/repository/org/codehaus/mojo/animal-sniffer-annotations/1.14/animal-sniffer-annotations-1.14.jar:/Users/achmadthoriqbaidowi/.m2/repository/com/squareup/okhttp3/okhttp/3.11.0/okhttp-3.11.0.jar:/Users/achmadthoriqbaidowi/.m2/repository/com/squareup/okio/okio/1.14.0/okio-1.14.0.jar:/Users/achmadthoriqbaidowi/.m2/repository/com/opencsv/opencsv/5.3/opencsv-5.3.jar:/Users/achmadthoriqbaidowi/.m2/repository/org/apache/commons/commons-text/1.9/commons-text-1.9.jar:/Users/achmadthoriqbaidowi/.m2/repository/commons-beanutils/commons-beanutils/1.9.4/commons-beanutils-1.9.4.jar:/Users/achmadthoriqbaidowi/.m2/repository/org/apache/commons/commons-collections4/4.4/commons-collections4-4.4.jar:/Users/achmadthoriqbaidowi/.m2/repository/org/slf4j/slf4j-api/1.7.30/slf4j-api-1.7.30.jar:/Users/achmadthoriqbaidowi/.m2/repository/org/slf4j/slf4j-simple/1.7.30/slf4j-simple-1.7.30.jar:/Users/achmadthoriqbaidowi/.m2/repository/org/apache/poi/poi/4.1.2/poi-4.1.2.jar:/Users/achmadthoriqbaidowi/.m2/repository/commons-codec/commons-codec/1.13/commons-codec-1.13.jar:/Users/achmadthoriqbaidowi/.m2/repository/org/apache/commons/commons-math3/3.6.1/commons-math3-3.6.1.jar:/Users/achmadthoriqbaidowi/.m2/repository/com/zaxxer/SparseBitSet/1.2/SparseBitSet-1.2.jar:/Users/achmadthoriqbaidowi/.m2/repository/org/apache/poi/poi-ooxml/4.1.2/poi-ooxml-4.1.2.jar:/Users/achmadthoriqbaidowi/.m2/repository/org/apache/poi/poi-ooxml-schemas/4.1.2/poi-ooxml-schemas-4.1.2.jar:/Users/achmadthoriqbaidowi/.m2/repository/org/apache/xmlbeans/xmlbeans/3.1.0/xmlbeans-3.1.0.jar:/Users/achmadthoriqbaidowi/.m2/repository/org/apache/commons/commons-compress/1.19/commons-compress-1.19.jar:/Users/achmadthoriqbaidowi/.m2/repository/com/github/virtuald/curvesapi/1.06/curvesapi-1.06.jar:/Users/achmadthoriqbaidowi/.m2/repository/com/aventstack/extentreports/5.0.9/extentreports-5.0.9.jar:/Users/achmadthoriqbaidowi/.m2/repository/io/reactivex/rxjava3/rxjava/3.0.4/rxjava-3.0.4.jar:/Users/achmadthoriqbaidowi/.m2/repository/org/reactivestreams/reactive-streams/1.0.3/reactive-streams-1.0.3.jar:/Users/achmadthoriqbaidowi/.m2/repository/org/freemarker/freemarker/2.3.30/freemarker-2.3.30.jar:"/>
    <property name="java.vm.vendor" value="Oracle Corporation"/>
    <property name="sun.arch.data.model" value="64"/>
    <property name="java.vendor.url" value="https://openjdk.java.net/"/>
    <property name="user.timezone" value="Asia/Jakarta"/>
    <property name="java.vm.specification.version" value="11"/>
    <property name="os.name" value="Mac OS X"/>
    <property name="sun.java.launcher" value="SUN_STANDARD"/>
    <property name="user.country" value="ID"/>
    <property name="sun.boot.library.path" value="/Library/Java/JavaVirtualMachines/jdk-11.jdk/Contents/Home/lib"/>
    <property name="sun.java.command" value="/Users/achmadthoriqbaidowi/Documents/flip-test/target/surefire/surefirebooter8984666883289354905.jar /Users/achmadthoriqbaidowi/Documents/flip-test/target/surefire 2024-07-08T13-05-15_210-jvmRun1 surefire1142369120411281012tmp surefire_06437476946413957130tmp"/>
    <property name="http.nonProxyHosts" value="local|*.local|169.254/16|*.169.254/16"/>
    <property name="jdk.debug" value="release"/>
    <property name="test" value="apiTests.ApiTestSuite"/>
    <property name="surefire.test.class.path" value="/Users/achmadthoriqbaidowi/Documents/flip-test/target/test-classes:/Users/achmadthoriqbaidowi/Documents/flip-test/target/classes:/Users/achmadthoriqbaidowi/.m2/repository/org/projectlombok/lombok/1.18.20/lombok-1.18.20.jar:/Users/achmadthoriqbaidowi/.m2/repository/org/testng/testng/7.5/testng-7.5.jar:/Users/achmadthoriqbaidowi/.m2/repository/com/google/code/findbugs/jsr305/3.0.1/jsr305-3.0.1.jar:/Users/achmadthoriqbaidowi/.m2/repository/com/beust/jcommander/1.78/jcommander-1.78.jar:/Users/achmadthoriqbaidowi/.m2/repository/org/webjars/jquery/3.5.1/jquery-3.5.1.jar:/Users/achmadthoriqbaidowi/.m2/repository/io/rest-assured/rest-assured/4.3.3/rest-assured-4.3.3.jar:/Users/achmadthoriqbaidowi/.m2/repository/org/codehaus/groovy/groovy/3.0.7/groovy-3.0.7.jar:/Users/achmadthoriqbaidowi/.m2/repository/org/codehaus/groovy/groovy-xml/3.0.7/groovy-xml-3.0.7.jar:/Users/achmadthoriqbaidowi/.m2/repository/org/apache/httpcomponents/httpclient/4.5.3/httpclient-4.5.3.jar:/Users/achmadthoriqbaidowi/.m2/repository/org/apache/httpcomponents/httpcore/4.4.6/httpcore-4.4.6.jar:/Users/achmadthoriqbaidowi/.m2/repository/commons-logging/commons-logging/1.2/commons-logging-1.2.jar:/Users/achmadthoriqbaidowi/.m2/repository/org/apache/httpcomponents/httpmime/4.5.3/httpmime-4.5.3.jar:/Users/achmadthoriqbaidowi/.m2/repository/org/hamcrest/hamcrest/2.1/hamcrest-2.1.jar:/Users/achmadthoriqbaidowi/.m2/repository/org/ccil/cowan/tagsoup/tagsoup/1.2.1/tagsoup-1.2.1.jar:/Users/achmadthoriqbaidowi/.m2/repository/io/rest-assured/json-path/4.3.3/json-path-4.3.3.jar:/Users/achmadthoriqbaidowi/.m2/repository/org/codehaus/groovy/groovy-json/3.0.7/groovy-json-3.0.7.jar:/Users/achmadthoriqbaidowi/.m2/repository/io/rest-assured/rest-assured-common/4.3.3/rest-assured-common-4.3.3.jar:/Users/achmadthoriqbaidowi/.m2/repository/io/rest-assured/xml-path/4.3.3/xml-path-4.3.3.jar:/Users/achmadthoriqbaidowi/.m2/repository/jakarta/xml/bind/jakarta.xml.bind-api/2.3.3/jakarta.xml.bind-api-2.3.3.jar:/Users/achmadthoriqbaidowi/.m2/repository/jakarta/activation/jakarta.activation-api/1.2.2/jakarta.activation-api-1.2.2.jar:/Users/achmadthoriqbaidowi/.m2/repository/com/sun/xml/bind/jaxb-impl/2.3.3/jaxb-impl-2.3.3.jar:/Users/achmadthoriqbaidowi/.m2/repository/io/appium/java-client/7.6.0/java-client-7.6.0.jar:/Users/achmadthoriqbaidowi/.m2/repository/org/seleniumhq/selenium/selenium-support/3.141.59/selenium-support-3.141.59.jar:/Users/achmadthoriqbaidowi/.m2/repository/org/seleniumhq/selenium/selenium-api/3.141.59/selenium-api-3.141.59.jar:/Users/achmadthoriqbaidowi/.m2/repository/com/google/code/gson/gson/2.8.8/gson-2.8.8.jar:/Users/achmadthoriqbaidowi/.m2/repository/cglib/cglib/3.3.0/cglib-3.3.0.jar:/Users/achmadthoriqbaidowi/.m2/repository/org/ow2/asm/asm/7.1/asm-7.1.jar:/Users/achmadthoriqbaidowi/.m2/repository/commons-validator/commons-validator/1.7/commons-validator-1.7.jar:/Users/achmadthoriqbaidowi/.m2/repository/commons-digester/commons-digester/2.1/commons-digester-2.1.jar:/Users/achmadthoriqbaidowi/.m2/repository/commons-collections/commons-collections/3.2.2/commons-collections-3.2.2.jar:/Users/achmadthoriqbaidowi/.m2/repository/org/apache/commons/commons-lang3/3.12.0/commons-lang3-3.12.0.jar:/Users/achmadthoriqbaidowi/.m2/repository/commons-io/commons-io/2.11.0/commons-io-2.11.0.jar:/Users/achmadthoriqbaidowi/.m2/repository/org/springframework/spring-context/5.3.10/spring-context-5.3.10.jar:/Users/achmadthoriqbaidowi/.m2/repository/org/springframework/spring-aop/5.3.10/spring-aop-5.3.10.jar:/Users/achmadthoriqbaidowi/.m2/repository/org/springframework/spring-beans/5.3.10/spring-beans-5.3.10.jar:/Users/achmadthoriqbaidowi/.m2/repository/org/springframework/spring-core/5.3.10/spring-core-5.3.10.jar:/Users/achmadthoriqbaidowi/.m2/repository/org/springframework/spring-jcl/5.3.10/spring-jcl-5.3.10.jar:/Users/achmadthoriqbaidowi/.m2/repository/org/springframework/spring-expression/5.3.10/spring-expression-5.3.10.jar:/Users/achmadthoriqbaidowi/.m2/repository/org/aspectj/aspectjweaver/1.9.7/aspectjweaver-1.9.7.jar:/Users/achmadthoriqbaidowi/.m2/repository/org/seleniumhq/selenium/selenium-java/3.141.59/selenium-java-3.141.59.jar:/Users/achmadthoriqbaidowi/.m2/repository/org/seleniumhq/selenium/selenium-chrome-driver/3.141.59/selenium-chrome-driver-3.141.59.jar:/Users/achmadthoriqbaidowi/.m2/repository/org/seleniumhq/selenium/selenium-edge-driver/3.141.59/selenium-edge-driver-3.141.59.jar:/Users/achmadthoriqbaidowi/.m2/repository/org/seleniumhq/selenium/selenium-firefox-driver/3.141.59/selenium-firefox-driver-3.141.59.jar:/Users/achmadthoriqbaidowi/.m2/repository/org/seleniumhq/selenium/selenium-ie-driver/3.141.59/selenium-ie-driver-3.141.59.jar:/Users/achmadthoriqbaidowi/.m2/repository/org/seleniumhq/selenium/selenium-opera-driver/3.141.59/selenium-opera-driver-3.141.59.jar:/Users/achmadthoriqbaidowi/.m2/repository/org/seleniumhq/selenium/selenium-remote-driver/3.141.59/selenium-remote-driver-3.141.59.jar:/Users/achmadthoriqbaidowi/.m2/repository/org/seleniumhq/selenium/selenium-safari-driver/3.141.59/selenium-safari-driver-3.141.59.jar:/Users/achmadthoriqbaidowi/.m2/repository/net/bytebuddy/byte-buddy/1.8.15/byte-buddy-1.8.15.jar:/Users/achmadthoriqbaidowi/.m2/repository/org/apache/commons/commons-exec/1.3/commons-exec-1.3.jar:/Users/achmadthoriqbaidowi/.m2/repository/com/google/guava/guava/25.0-jre/guava-25.0-jre.jar:/Users/achmadthoriqbaidowi/.m2/repository/org/checkerframework/checker-compat-qual/2.0.0/checker-compat-qual-2.0.0.jar:/Users/achmadthoriqbaidowi/.m2/repository/com/google/errorprone/error_prone_annotations/2.1.3/error_prone_annotations-2.1.3.jar:/Users/achmadthoriqbaidowi/.m2/repository/com/google/j2objc/j2objc-annotations/1.1/j2objc-annotations-1.1.jar:/Users/achmadthoriqbaidowi/.m2/repository/org/codehaus/mojo/animal-sniffer-annotations/1.14/animal-sniffer-annotations-1.14.jar:/Users/achmadthoriqbaidowi/.m2/repository/com/squareup/okhttp3/okhttp/3.11.0/okhttp-3.11.0.jar:/Users/achmadthoriqbaidowi/.m2/repository/com/squareup/okio/okio/1.14.0/okio-1.14.0.jar:/Users/achmadthoriqbaidowi/.m2/repository/com/opencsv/opencsv/5.3/opencsv-5.3.jar:/Users/achmadthoriqbaidowi/.m2/repository/org/apache/commons/commons-text/1.9/commons-text-1.9.jar:/Users/achmadthoriqbaidowi/.m2/repository/commons-beanutils/commons-beanutils/1.9.4/commons-beanutils-1.9.4.jar:/Users/achmadthoriqbaidowi/.m2/repository/org/apache/commons/commons-collections4/4.4/commons-collections4-4.4.jar:/Users/achmadthoriqbaidowi/.m2/repository/org/slf4j/slf4j-api/1.7.30/slf4j-api-1.7.30.jar:/Users/achmadthoriqbaidowi/.m2/repository/org/slf4j/slf4j-simple/1.7.30/slf4j-simple-1.7.30.jar:/Users/achmadthoriqbaidowi/.m2/repository/org/apache/poi/poi/4.1.2/poi-4.1.2.jar:/Users/achmadthoriqbaidowi/.m2/repository/commons-codec/commons-codec/1.13/commons-codec-1.13.jar:/Users/achmadthoriqbaidowi/.m2/repository/org/apache/commons/commons-math3/3.6.1/commons-math3-3.6.1.jar:/Users/achmadthoriqbaidowi/.m2/repository/com/zaxxer/SparseBitSet/1.2/SparseBitSet-1.2.jar:/Users/achmadthoriqbaidowi/.m2/repository/org/apache/poi/poi-ooxml/4.1.2/poi-ooxml-4.1.2.jar:/Users/achmadthoriqbaidowi/.m2/repository/org/apache/poi/poi-ooxml-schemas/4.1.2/poi-ooxml-schemas-4.1.2.jar:/Users/achmadthoriqbaidowi/.m2/repository/org/apache/xmlbeans/xmlbeans/3.1.0/xmlbeans-3.1.0.jar:/Users/achmadthoriqbaidowi/.m2/repository/org/apache/commons/commons-compress/1.19/commons-compress-1.19.jar:/Users/achmadthoriqbaidowi/.m2/repository/com/github/virtuald/curvesapi/1.06/curvesapi-1.06.jar:/Users/achmadthoriqbaidowi/.m2/repository/com/aventstack/extentreports/5.0.9/extentreports-5.0.9.jar:/Users/achmadthoriqbaidowi/.m2/repository/io/reactivex/rxjava3/rxjava/3.0.4/rxjava-3.0.4.jar:/Users/achmadthoriqbaidowi/.m2/repository/org/reactivestreams/reactive-streams/1.0.3/reactive-streams-1.0.3.jar:/Users/achmadthoriqbaidowi/.m2/repository/org/freemarker/freemarker/2.3.30/freemarker-2.3.30.jar:"/>
    <property name="sun.cpu.endian" value="little"/>
    <property name="user.home" value="/Users/achmadthoriqbaidowi"/>
    <property name="user.language" value="en"/>
    <property name="java.specification.vendor" value="Oracle Corporation"/>
    <property name="java.version.date" value="2024-01-16"/>
    <property name="java.home" value="/Library/Java/JavaVirtualMachines/jdk-11.jdk/Contents/Home"/>
    <property name="file.separator" value="/"/>
    <property name="basedir" value="/Users/achmadthoriqbaidowi/Documents/flip-test"/>
    <property name="java.vm.compressedOopsMode" value="Zero based"/>
    <property name="line.separator" value="&#10;"/>
    <property name="java.specification.name" value="Java Platform API Specification"/>
    <property name="java.vm.specification.vendor" value="Oracle Corporation"/>
    <property name="java.awt.graphicsenv" value="sun.awt.CGraphicsEnvironment"/>
    <property name="surefire.real.class.path" value="/Users/achmadthoriqbaidowi/Documents/flip-test/target/surefire/surefirebooter8984666883289354905.jar"/>
    <property name="sun.management.compiler" value="HotSpot 64-Bit Tiered Compilers"/>
    <property name="ftp.nonProxyHosts" value="local|*.local|169.254/16|*.169.254/16"/>
    <property name="java.runtime.version" value="11.0.22+9-LTS-219"/>
    <property name="user.name" value="achmadthoriqbaidowi"/>
    <property name="path.separator" value=":"/>
    <property name="os.version" value="12.7"/>
    <property name="java.runtime.name" value="Java(TM) SE Runtime Environment"/>
    <property name="file.encoding" value="UTF-8"/>
    <property name="java.vm.name" value="Java HotSpot(TM) 64-Bit Server VM"/>
    <property name="java.vendor.version" value="18.9"/>
    <property name="localRepository" value="/Users/achmadthoriqbaidowi/.m2/repository"/>
    <property name="java.vendor.url.bug" value="https://bugreport.java.com/bugreport/"/>
    <property name="java.io.tmpdir" value="/var/folders/8j/tyfqmyxx6x9fh2kvg9m14yvr0000gp/T/"/>
    <property name="java.version" value="11.0.22"/>
    <property name="user.dir" value="/Users/achmadthoriqbaidowi/Documents/flip-test"/>
    <property name="os.arch" value="aarch64"/>
    <property name="java.vm.specification.name" value="Java Virtual Machine Specification"/>
    <property name="java.awt.printerjob" value="sun.lwawt.macosx.CPrinterJob"/>
    <property name="sun.os.patch.level" value="unknown"/>
    <property name="java.library.path" value="/Users/achmadthoriqbaidowi/Library/Java/Extensions:/Library/Java/Extensions:/Network/Library/Java/Extensions:/System/Library/Java/Extensions:/usr/lib/java:."/>
    <property name="java.vendor" value="Oracle Corporation"/>
    <property name="java.vm.info" value="mixed mode"/>
    <property name="java.vm.version" value="11.0.22+9-LTS-219"/>
    <property name="java.specification.maintenance.version" value="2"/>
    <property name="sun.io.unicode.encoding" value="UnicodeBig"/>
    <property name="java.class.version" value="55.0"/>
    <property name="socksNonProxyHosts" value="local|*.local|169.254/16|*.169.254/16"/>
  </properties>
  <testcase name="testGenderByName[Isabella, female](1)" classname="apiTests.ApiTestSuite" time="2.536">
    <system-out><![CDATA[Creating test for testGenderByName for name: Isabella
Status Code: 200
Actual Gender: female
Expected Gender: female
]]></system-out>
  </testcase>
  <testcase name="testGenderByName[Olivia, female](2)" classname="apiTests.ApiTestSuite" time="1.425">
    <system-out><![CDATA[Creating test for testGenderByName for name: Olivia
Status Code: 200
Actual Gender: female
Expected Gender: female
]]></system-out>
  </testcase>
  <testcase name="testGenderByName[Ethan, male](3)" classname="apiTests.ApiTestSuite" time="1.424">
    <system-out><![CDATA[Creating test for testGenderByName for name: Ethan
Status Code: 200
Actual Gender: male
Expected Gender: male
]]></system-out>
  </testcase>
  <testcase name="testGenderByName[Christopher, male](4)" classname="apiTests.ApiTestSuite" time="1.378">
    <system-out><![CDATA[Creating test for testGenderByName for name: Christopher
Status Code: 200
Actual Gender: male
Expected Gender: male
]]></system-out>
  </testcase>
  <testcase name="testGenderByName[Sophia, female](5)" classname="apiTests.ApiTestSuite" time="1.423">
    <system-out><![CDATA[Creating test for testGenderByName for name: Sophia
Status Code: 200
Actual Gender: female
Expected Gender: female
]]></system-out>
  </testcase>
</testsuite>