<?xml version="1.0" encoding="UTF-8"?>
<!-- Generated by org.testng.reporters.JUnitReportReporter -->
<testsuite hostname="192.168.1.4" failures="0" tests="4" name="mobileTests.MobileTestSuite" time="23.358" errors="0" timestamp="2024-07-08T13:06:54 WIB" skipped="0">
  <testcase classname="mobileTests.MobileTestSuite" name="verifyAbleFilterProductLowToHigh" time="2.028"/>
  <system-out/>
  <testcase classname="mobileTests.MobileTestSuite" name="verifyAbleLoginToSauceLab" time="4.991"/>
  <system-out/>
  <testcase classname="mobileTests.MobileTestSuite" name="verifyAbleFilterProductHighToLow" time="3.436"/>
  <system-out/>
  <testcase classname="mobileTests.MobileTestSuite" name="verifyAbleToCheckout" time="12.903"/>
  <system-out/>
</testsuite> <!-- mobileTests.MobileTestSuite -->
