<?xml version="1.0" encoding="UTF-8"?>
<!-- Generated by org.testng.reporters.JUnitReportReporter -->
<testsuite hostname="192.168.1.4" failures="0" tests="5" name="apiTests.ApiTestSuite" time="8.191" errors="0" timestamp="2024-07-08T13:05:24 WIB" skipped="0">
  <testcase classname="apiTests.ApiTestSuite" name="testGenderByName" time="1.378"/>
  <system-out/>
  <testcase classname="apiTests.ApiTestSuite" name="testGenderByName" time="1.424"/>
  <system-out/>
  <testcase classname="apiTests.ApiTestSuite" name="testGenderByName" time="2.536"/>
  <system-out/>
  <testcase classname="apiTests.ApiTestSuite" name="testGenderByName" time="1.426"/>
  <system-out/>
  <testcase classname="apiTests.ApiTestSuite" name="testGenderByName" time="1.427"/>
  <system-out/>
</testsuite> <!-- apiTests.ApiTestSuite -->
